...found 21 targets...
...updating 11 targets...
common.mkdir build_x64\boost\bin.v2\libs\regex
common.mkdir build_x64\boost\bin.v2\libs\regex\build
common.mkdir build_x64\boost\bin.v2\libs\regex\build\msvc-9.0
common.mkdir build_x64\boost\bin.v2\libs\regex\build\msvc-9.0\debug
common.mkdir build_x64\boost\bin.v2\libs\regex\build\msvc-9.0\debug\address-model-64
common.mkdir build_x64\boost\bin.v2\libs\regex\build\msvc-9.0\debug\address-model-64\architecture-x86
common.mkdir build_x64\boost\bin.v2\libs\regex\build\msvc-9.0\debug\address-model-64\architecture-x86\threading-multi
compile-c-c++ build_x64\boost\bin.v2\libs\regex\build\msvc-9.0\debug\address-model-64\architecture-x86\threading-multi\has_icu_test.obj
has_icu_test.cpp
libs\regex\build\has_icu_test.cpp(12) : fatal error C1083: Cannot open include file: 'unicode/uversion.h': No such file or directory

    call "C:\Program Files\Microsoft Visual Studio 9.0\VC\vcvarsall.bat" x86_amd64 >nul
cl /Zm800 -nologo @"build_x64\boost\bin.v2\libs\regex\build\msvc-9.0\debug\address-model-64\architecture-x86\threading-multi\has_icu_test.obj.rsp" 

...failed compile-c-c++ build_x64\boost\bin.v2\libs\regex\build\msvc-9.0\debug\address-model-64\architecture-x86\threading-multi\has_icu_test.obj...
...skipped <pbuild_x64\boost\bin.v2\libs\regex\build\msvc-9.0\debug\address-model-64\architecture-x86\threading-multi>has_icu.exe for lack of <pbuild_x64\boost\bin.v2\libs\regex\build\msvc-9.0\debug\address-model-64\architecture-x86\threading-multi>has_icu_test.obj...
...failed updating 1 target...
...skipped 1 target...
...updated 7 targets...
...skipped <pbuild_x64\boost\bin.v2\libs\regex\build\msvc-9.0\debug\address-model-64\architecture-x86\threading-multi>has_icu.pdb for lack of <pbuild_x64\boost\bin.v2\libs\regex\build\msvc-9.0\debug\address-model-64\architecture-x86\threading-multi>has_icu_test.obj...
...skipped 1 target...
